<?xml version="1.0" encoding="UTF-8"?>
<coverage generated="1629992831889" clover="3.2.0">
  <project timestamp="1629992831889" name="All files">
    <metrics statements="8" coveredstatements="1" conditionals="2" coveredconditionals="0" methods="1" coveredmethods="0" elements="11" coveredelements="1" complexity="0" loc="8" ncloc="8" packages="1" files="1" classes="1"/>
    <file name="add.js" path="/home/juan/Software Development/Github Repos/To-Do-List-ES6/src/js/modules/add.js">
      <metrics statements="8" coveredstatements="1" conditionals="2" coveredconditionals="0" methods="1" coveredmethods="0"/>
      <line num="1" count="1" type="stmt"/>
      <line num="2" count="0" type="stmt"/>
      <line num="3" count="0" type="cond" truecount="0" falsecount="2"/>
      <line num="4" count="0" type="stmt"/>
      <line num="6" count="0" type="stmt"/>
      <line num="7" count="0" type="stmt"/>
      <line num="15" count="0" type="stmt"/>
      <line num="16" count="0" type="stmt"/>
    </file>
  </project>
</coverage>
