{"/home/juan/Software Development/Github Repos/To-Do-List-ES6/src/js/modules/add.js": {"path":"/home/juan/Software Development/Github Repos/To-Do-List-ES6/src/js/modules/add.js","statementMap":{"0":{"start":{"line":1,"column":12},"end":{"line":17,"column":1}},"1":{"start":{"line":2,"column":18},"end":{"line":2,"column":65}},"2":{"start":{"line":3,"column":2},"end":{"line":5,"column":3}},"3":{"start":{"line":4,"column":4},"end":{"line":4,"column":19}},"4":{"start":{"line":6,"column":19},"end":{"line":6,"column":54}},"5":{"start":{"line":7,"column":18},"end":{"line":14,"column":3}},"6":{"start":{"line":15,"column":2},"end":{"line":15,"column":26}},"7":{"start":{"line":16,"column":2},"end":{"line":16,"column":65}}},"fnMap":{"0":{"name":"(anonymous_0)","decl":{"start":{"line":1,"column":12},"end":{"line":1,"column":13}},"loc":{"start":{"line":1,"column":18},"end":{"line":17,"column":1}},"line":1}},"branchMap":{"0":{"loc":{"start":{"line":3,"column":2},"end":{"line":5,"column":3}},"type":"if","locations":[{"start":{"line":3,"column":2},"end":{"line":5,"column":3}},{"start":{"line":3,"column":2},"end":{"line":5,"column":3}}],"line":3}},"s":{"0":1,"1":0,"2":0,"3":0,"4":0,"5":0,"6":0,"7":0},"f":{"0":0},"b":{"0":[0,0]},"_coverageSchema":"1a1c01bbd47fc00a2c39e90264f33305004495a9","hash":"ac317661ef8f64295feb3f7315145bd1b69b7e07"}
}
